# JRE version: Java(TM) SE Runtime Environment (10.0.2+13) (build 10.0.2+13)
# Java VM: Java HotSpot(TM) 64-Bit Server VM (10.0.2+13, mixed mode, tiered, compressed oops, g1 gc, windows-amd64)
Heap:
 garbage-first heap   total 168960K, used 101660K [0x00000000c0000000, 0x0000000100000000)
  region size 1024K, 8 young (8192K), 4 survivors (4096K)
 Metaspace       used 96173K, capacity 98251K, committed 98944K, reserved 1136640K
  class space    used 11095K, capacity 11779K, committed 11904K, reserved 1048576K
GC Heap History (10 events):
Event: 898.624 GC heap before
{Heap before GC invocations=171 (full 0):
 garbage-first heap   total 140288K, used 112715K [0x00000000c0000000, 0x0000000100000000)
  region size 1024K, 28 young (28672K), 1 survivors (1024K)
 Metaspace       used 95988K, capacity 98045K, committed 98688K, reserved 1136640K
  class space    used 11106K, capacity 11802K, committed 11904K, reserved 1048576K
}
Event: 898.690 GC heap after
{Heap after GC invocations=172 (full 0):
 garbage-first heap   total 140288K, used 97376K [0x00000000c0000000, 0x0000000100000000)
  region size 1024K, 4 young (4096K), 4 survivors (4096K)
 Metaspace       used 95988K, capacity 98045K, committed 98688K, reserved 1136640K
  class space    used 11106K, capacity 11802K, committed 11904K, reserved 1048576K
}
Event: 898.867 GC heap before
{Heap before GC invocations=172 (full 0):
 garbage-first heap   total 140288K, used 112736K [0x00000000c0000000, 0x0000000100000000)
  region size 1024K, 19 young (19456K), 4 survivors (4096K)
 Metaspace       used 96011K, capacity 98111K, committed 98688K, reserved 1136640K
  class space    used 11106K, capacity 11802K, committed 11904K, reserved 1048576K
}
Event: 898.909 GC heap after
{Heap after GC invocations=173 (full 0):
 garbage-first heap   total 140288K, used 101376K [0x00000000c0000000, 0x0000000100000000)
  region size 1024K, 3 young (3072K), 3 survivors (3072K)
 Metaspace       used 96011K, capacity 98111K, committed 98688K, reserved 1136640K
  class space    used 11106K, capacity 11802K, committed 11904K, reserved 1048576K
}
Event: 900.908 GC heap before
{Heap before GC invocations=174 (full 0):
 garbage-first heap   total 140288K, used 119808K [0x00000000c0000000, 0x0000000100000000)
  region size 1024K, 17 young (17408K), 3 survivors (3072K)
 Metaspace       used 96113K, capacity 98125K, committed 98688K, reserved 1136640K
  class space    used 11095K, capacity 11780K, committed 11904K, reserved 1048576K
}
Event: 900.948 GC heap after
{Heap after GC invocations=175 (full 0):
 garbage-first heap   total 140288K, used 103857K [0x00000000c0000000, 0x0000000100000000)
  region size 1024K, 2 young (2048K), 2 survivors (2048K)
 Metaspace       used 96113K, capacity 98125K, committed 98688K, reserved 1136640K
  class space    used 11095K, capacity 11780K, committed 11904K, reserved 1048576K
}
Event: 900.986 GC heap before
{Heap before GC invocations=175 (full 0):
 garbage-first heap   total 140288K, used 112049K [0x00000000c0000000, 0x0000000100000000)
  region size 1024K, 6 young (6144K), 2 survivors (2048K)
 Metaspace       used 96117K, capacity 98125K, committed 98688K, reserved 1136640K
  class space    used 11095K, capacity 11780K, committed 11904K, reserved 1048576K
}
Event: 901.105 GC heap after
{Heap after GC invocations=176 (full 0):
 garbage-first heap   total 168960K, used 100347K [0x00000000c0000000, 0x0000000100000000)
  region size 1024K, 1 young (1024K), 1 survivors (1024K)
 Metaspace       used 96117K, capacity 98125K, committed 98688K, reserved 1136640K
  class space    used 11095K, capacity 11780K, committed 11904K, reserved 1048576K
}
Event: 901.588 GC heap before
{Heap before GC invocations=176 (full 0):
 garbage-first heap   total 168960K, used 125947K [0x00000000c0000000, 0x0000000100000000)
  region size 1024K, 26 young (26624K), 1 survivors (1024K)
 Metaspace       used 96171K, capacity 98253K, committed 98944K, reserved 1136640K
  class space    used 11095K, capacity 11780K, committed 11904K, reserved 1048576K
}
Event: 902.021 GC heap after
{Heap after GC invocations=177 (full 0):
 garbage-first heap   total 168960K, used 114972K [0x00000000c0000000, 0x0000000100000000)
  region size 1024K, 4 young (4096K), 4 survivors (4096K)
 Metaspace       used 96171K, capacity 98253K, committed 98944K, reserved 1136640K
  class space    used 11095K, capacity 11780K, committed 11904K, reserved 1048576K
}

